I (333) octal_psram: vendor id    : 0x0d (AP)
I (333) octal_psram: dev id       : 0x02 (generation 3)
I (333) octal_psram: density      : 0x03 (64 Mbit)
I (335) octal_psram: good-die     : 0x01 (Pass)
I (340) octal_psram: Latency      : 0x01 (Fixed)
I (344) octal_psram: VCC          : 0x01 (3V)
I (348) octal_psram: SRF          : 0x01 (Fast Refresh)
I (353) octal_psram: BurstType    : 0x01 (Hybrid Wrap)
I (358) octal_psram: BurstLen     : 0x01 (32 Byte)
I (362) octal_psram: Readlatency  : 0x02 (10 cycles@Fixed)
I (368) octal_psram: DriveStrength: 0x00 (1/1)
I (372) MSPI Timing: PSRAM timing tuning index: 4
I (376) esp_psram: Found 8MB PSRAM device
I (380) esp_psram: Speed: 80MHz
I (383) cpu_start: Multicore app
I (684) esp_psram: SPI SRAM memory test OK
I (692) cpu_start: GPIO 44 and 43 are used as console UART I/O pins
I (693) cpu_start: Pro cpu start user code
I (693) cpu_start: cpu freq: 240000000 Hz
I (695) app_init: Application information:
I (698) app_init: Project name:     speech_recognition
I (703) app_init: App version:      1
I (707) app_init: Compile time:     Feb  2 2026 09:55:34
I (712) app_init: ELF file SHA256:  bf9185892...
I (716) app_init: ESP-IDF:          v5.4.3-904-gacd7b505de
I (721) efuse_init: Min chip rev:     v0.0
I (725) efuse_init: Max chip rev:     v0.99
I (729) efuse_init: Chip rev:         v0.2
I (733) heap_init: Initializing. RAM available for dynamic allocation:
I (739) heap_init: At 3FCA4348 len 000453C8 (276 KiB): RAM
I (744) heap_init: At 3FCE9710 len 00005724 (21 KiB): RAM
I (749) heap_init: At 600FE000 len 00001FE8 (7 KiB): RTCRAM
I (755) esp_psram: Adding pool of 8192K of PSRAM memory to heap allocator
I (762) spi_flash: detected chip: gd
I (765) spi_flash: flash io: dio
E (768) i2c: CONFLICT! driver_ng is not allowed to be used with this old driver

abort() was called at PC 0x4208b717 on core 0